myMusicPlayer21/manifest-merger-release-report.txt
-- Merging decision tree log ---
manifest
ADDED from AndroidManifest.xml:17:1
	xmlns:android
		ADDED from AndroidManifest.xml:17:11
	package
		ADDED from AndroidManifest.xml:18:9
		INJECTED from AndroidManifest.xml:0:0
		INJECTED from AndroidManifest.xml:0:0
	android:versionName
		ADDED from AndroidManifest.xml:20:9
	android:versionCode
		ADDED from AndroidManifest.xml:19:9
		INJECTED from AndroidManifest.xml:0:0
		INJECTED from AndroidManifest.xml:0:0
	android:installLocation
		ADDED from AndroidManifest.xml:21:9
original-package
ADDED from AndroidManifest.xml:23:5
	android:name
		ADDED from AndroidManifest.xml:23:23
uses-permission#android.permission.WRITE_SETTINGS
ADDED from AndroidManifest.xml:25:5
MERGED from ABRepeatPlayer:ringDroid:unspecified:31:5
	android:name
		ADDED from AndroidManifest.xml:25:22
uses-permission#android.permission.SYSTEM_ALERT_WINDOW
ADDED from AndroidManifest.xml:26:5
	android:name
		ADDED from AndroidManifest.xml:26:22
uses-permission#android.permission.WAKE_LOCK
ADDED from AndroidManifest.xml:27:5
	android:name
		ADDED from AndroidManifest.xml:27:22
uses-permission#android.permission.INTERNET
ADDED from AndroidManifest.xml:28:5
MERGED from ABRepeatPlayer:ringDroid:unspecified:30:5
	android:name
		ADDED from AndroidManifest.xml:28:22
uses-permission#android.permission.READ_PHONE_STATE
ADDED from AndroidManifest.xml:29:5
	android:name
		ADDED from AndroidManifest.xml:29:22
uses-permission#android.permission.WRITE_EXTERNAL_STORAGE
ADDED from AndroidManifest.xml:30:5
MERGED from ABRepeatPlayer:ringDroid:unspecified:32:5
	android:name
		ADDED from AndroidManifest.xml:30:22
uses-sdk
ADDED from AndroidManifest.xml:32:5
MERGED from ABRepeatPlayer:ringDroid:unspecified:26:5
	android:targetSdkVersion
		ADDED from AndroidManifest.xml:33:12
		INJECTED from AndroidManifest.xml:0:0
		INJECTED from AndroidManifest.xml:0:0
	android:minSdkVersion
		ADDED from AndroidManifest.xml:32:15
		INJECTED from AndroidManifest.xml:0:0
		INJECTED from AndroidManifest.xml:0:0
application
ADDED from AndroidManifest.xml:35:5
MERGED from ABRepeatPlayer:ringDroid:unspecified:36:5
	android:label
		ADDED from AndroidManifest.xml:37:9
	android:icon
		ADDED from AndroidManifest.xml:36:9
	android:allowTaskReparenting
		ADDED from AndroidManifest.xml:40:9
	android:taskAffinity
		ADDED from AndroidManifest.xml:38:9
activity#com.kojimahome.music21.MusicBrowserActivity
ADDED from AndroidManifest.xml:45:9
	android:theme
		ADDED from AndroidManifest.xml:46:13
	android:name
		ADDED from AndroidManifest.xml:45:19
intent-filter#android.intent.action.MAIN+android.intent.action.MUSIC_PLAYER+android.intent.category.DEFAULT+android.intent.category.INFO+android.intent.category.LAUNCHER
ADDED from AndroidManifest.xml:48:13
action#android.intent.action.MAIN
ADDED from AndroidManifest.xml:49:17
	android:name
		ADDED from AndroidManifest.xml:49:25
action#android.intent.action.MUSIC_PLAYER
ADDED from AndroidManifest.xml:50:17
	android:name
		ADDED from AndroidManifest.xml:50:25
category#android.intent.category.INFO
ADDED from AndroidManifest.xml:51:17
	android:name
		ADDED from AndroidManifest.xml:51:27
category#android.intent.category.DEFAULT
ADDED from AndroidManifest.xml:52:17
	android:name
		ADDED from AndroidManifest.xml:52:27
category#android.intent.category.LAUNCHER
ADDED from AndroidManifest.xml:53:17
	android:name
		ADDED from AndroidManifest.xml:53:27
receiver#com.kojimahome.music21.MediaButtonIntentReceiver
ADDED from AndroidManifest.xml:56:9
	android:name
		ADDED from AndroidManifest.xml:56:19
intent-filter#android.intent.action.MEDIA_BUTTON+android.media.AUDIO_BECOMING_NOISY
ADDED from AndroidManifest.xml:57:13
action#android.intent.action.MEDIA_BUTTON
ADDED from AndroidManifest.xml:58:17
	android:name
		ADDED from AndroidManifest.xml:58:25
action#android.media.AUDIO_BECOMING_NOISY
ADDED from AndroidManifest.xml:59:17
	android:name
		ADDED from AndroidManifest.xml:59:25
receiver#com.kojimahome.music21.MediaButtonIntentReceiverVideo
ADDED from AndroidManifest.xml:62:9
	android:name
		ADDED from AndroidManifest.xml:62:19
activity#com.kojimahome.music21.MediaPlaybackActivity
ADDED from AndroidManifest.xml:79:9
	android:label
		ADDED from AndroidManifest.xml:81:17
	android:clearTaskOnLaunch
		ADDED from AndroidManifest.xml:84:17
	android:excludeFromRecents
		ADDED from AndroidManifest.xml:85:17
	android:taskAffinity
		ADDED from AndroidManifest.xml:82:17
	android:name
		ADDED from AndroidManifest.xml:79:19
	android:launchMode
		ADDED from AndroidManifest.xml:83:17
intent-filter#android.intent.action.VIEW+android.intent.category.DEFAULT
ADDED from AndroidManifest.xml:86:13
action#android.intent.action.VIEW
ADDED from AndroidManifest.xml:87:17
	android:name
		ADDED from AndroidManifest.xml:87:25
data
ADDED from AndroidManifest.xml:89:17
	android:scheme
		ADDED from AndroidManifest.xml:89:23
intent-filter#android.intent.category.DEFAULT+com.kojimahome.music21.PLAYBACK_VIEWER
ADDED from AndroidManifest.xml:96:13
action#com.kojimahome.music21.PLAYBACK_VIEWER
ADDED from AndroidManifest.xml:97:17
	android:name
		ADDED from AndroidManifest.xml:97:25
activity#com.kojimahome.music21.StreamStarter
ADDED from AndroidManifest.xml:102:9
	android:theme
		ADDED from AndroidManifest.xml:103:17
	android:name
		ADDED from AndroidManifest.xml:102:19
intent-filter#android.intent.action.VIEW+android.intent.category.BROWSABLE+android.intent.category.DEFAULT
ADDED from AndroidManifest.xml:104:13
category#android.intent.category.BROWSABLE
ADDED from AndroidManifest.xml:107:17
	android:name
		ADDED from AndroidManifest.xml:107:27
activity#com.kojimahome.music21.ArtistAlbumBrowserActivity
ADDED from AndroidManifest.xml:119:9
	android:name
		ADDED from AndroidManifest.xml:119:19
intent-filter#android.intent.action.PICK+android.intent.category.DEFAULT
ADDED from AndroidManifest.xml:120:13
action#android.intent.action.PICK
ADDED from AndroidManifest.xml:121:17
	android:name
		ADDED from AndroidManifest.xml:121:25
activity#com.kojimahome.music21.AlbumBrowserActivity
ADDED from AndroidManifest.xml:126:9
	android:name
		ADDED from AndroidManifest.xml:126:19
activity#com.kojimahome.music21.TrackBrowserActivity
ADDED from AndroidManifest.xml:134:9
	android:name
		ADDED from AndroidManifest.xml:134:19
intent-filter#android.intent.action.EDIT+android.intent.action.PICK+android.intent.category.DEFAULT
ADDED from AndroidManifest.xml:135:13
action#android.intent.action.EDIT
ADDED from AndroidManifest.xml:136:17
	android:name
		ADDED from AndroidManifest.xml:136:25
activity#com.kojimahome.music21.QueryBrowserActivity
ADDED from AndroidManifest.xml:142:9
	android:theme
		ADDED from AndroidManifest.xml:143:17
	android:name
		ADDED from AndroidManifest.xml:142:19
intent-filter#android.intent.action.MEDIA_SEARCH+android.intent.action.SEARCH+android.intent.category.DEFAULT
ADDED from AndroidManifest.xml:144:13
action#android.intent.action.SEARCH
ADDED from AndroidManifest.xml:145:17
	android:name
		ADDED from AndroidManifest.xml:145:25
action#android.intent.action.MEDIA_SEARCH
ADDED from AndroidManifest.xml:146:17
	android:name
		ADDED from AndroidManifest.xml:146:25
meta-data#android.app.searchable
ADDED from AndroidManifest.xml:149:13
	android:resource
		ADDED from AndroidManifest.xml:151:17
	android:name
		ADDED from AndroidManifest.xml:150:17
activity#com.kojimahome.music21.PlaylistBrowserActivity
ADDED from AndroidManifest.xml:154:9
	android:label
		ADDED from AndroidManifest.xml:155:17
	android:name
		ADDED from AndroidManifest.xml:154:19
activity-alias#com.kojimahome.music21.PlaylistShortcutActivity
ADDED from AndroidManifest.xml:167:9
	android:label
		ADDED from AndroidManifest.xml:169:13
	android:icon
		ADDED from AndroidManifest.xml:170:13
	android:targetActivity
		ADDED from AndroidManifest.xml:168:13
	android:name
		ADDED from AndroidManifest.xml:167:25
intent-filter#android.intent.action.CREATE_SHORTCUT+android.intent.category.DEFAULT
ADDED from AndroidManifest.xml:172:13
action#android.intent.action.CREATE_SHORTCUT
ADDED from AndroidManifest.xml:173:17
	android:name
		ADDED from AndroidManifest.xml:173:25
activity#com.kojimahome.music21.VideoTrackBrowserActivity
ADDED from AndroidManifest.xml:178:9
	android:label
		ADDED from AndroidManifest.xml:180:13
	android:icon
		ADDED from AndroidManifest.xml:181:13
	android:taskAffinity
		ADDED from AndroidManifest.xml:179:13
	android:name
		ADDED from AndroidManifest.xml:178:19
intent-filter#android.intent.action.MAIN+android.intent.category.DEFAULT+android.intent.category.LAUNCHER
ADDED from AndroidManifest.xml:188:13
activity#com.kojimahome.music21.MediaPickerActivity
ADDED from AndroidManifest.xml:195:9
	android:label
		ADDED from AndroidManifest.xml:196:17
	android:name
		ADDED from AndroidManifest.xml:195:19
activity#com.kojimahome.music21.MusicPicker
ADDED from AndroidManifest.xml:219:9
	android:label
		ADDED from AndroidManifest.xml:220:17
	android:name
		ADDED from AndroidManifest.xml:219:19
intent-filter#android.intent.action.GET_CONTENT+android.intent.category.DEFAULT+android.intent.category.OPENABLE
ADDED from AndroidManifest.xml:223:13
action#android.intent.action.GET_CONTENT
ADDED from AndroidManifest.xml:224:17
	android:name
		ADDED from AndroidManifest.xml:224:25
category#android.intent.category.OPENABLE
ADDED from AndroidManifest.xml:226:17
	android:name
		ADDED from AndroidManifest.xml:226:27
intent-filter#android.intent.action.PICK+android.intent.category.DEFAULT+android.intent.category.OPENABLE
ADDED from AndroidManifest.xml:233:13
activity#com.kojimahome.music21.ABPosPickerActivity
ADDED from AndroidManifest.xml:241:9
	android:label
		ADDED from AndroidManifest.xml:243:17
	android:taskAffinity
		ADDED from AndroidManifest.xml:242:13
	android:name
		ADDED from AndroidManifest.xml:241:19
activity#com.kojimahome.music21.ABPosDispOrderActivity
ADDED from AndroidManifest.xml:246:9
	android:label
		ADDED from AndroidManifest.xml:247:17
	android:name
		ADDED from AndroidManifest.xml:246:19
activity#com.kojimahome.music21.HelpListActivity
ADDED from AndroidManifest.xml:250:9
	android:label
		ADDED from AndroidManifest.xml:251:17
	android:name
		ADDED from AndroidManifest.xml:250:19
activity#com.kojimahome.music21.HelpListActivityVideo
ADDED from AndroidManifest.xml:254:9
	android:label
		ADDED from AndroidManifest.xml:255:17
	android:name
		ADDED from AndroidManifest.xml:254:19
activity#com.kojimahome.music21.HelpPageActivity
ADDED from AndroidManifest.xml:258:9
	android:label
		ADDED from AndroidManifest.xml:259:17
	android:name
		ADDED from AndroidManifest.xml:258:19
activity#com.kojimahome.music21.NewFeaturesActivity
ADDED from AndroidManifest.xml:262:9
	android:label
		ADDED from AndroidManifest.xml:263:17
	android:name
		ADDED from AndroidManifest.xml:262:19
activity#com.kojimahome.music21.WelcomeActivity
ADDED from AndroidManifest.xml:266:9
	android:label
		ADDED from AndroidManifest.xml:267:17
	android:name
		ADDED from AndroidManifest.xml:266:19
activity#com.kojimahome.music21.LyricActivity
ADDED from AndroidManifest.xml:270:9
	android:label
		ADDED from AndroidManifest.xml:271:17
	android:name
		ADDED from AndroidManifest.xml:270:19
activity#com.kojimahome.music21.LyricOptionsActivity
ADDED from AndroidManifest.xml:274:9
	android:label
		ADDED from AndroidManifest.xml:275:17
	android:name
		ADDED from AndroidManifest.xml:274:19
activity#com.kojimahome.music21.SleepTimerActivity
ADDED from AndroidManifest.xml:278:9
	android:label
		ADDED from AndroidManifest.xml:279:17
	android:name
		ADDED from AndroidManifest.xml:278:19
activity#com.kojimahome.music21.PrefsActivity
ADDED from AndroidManifest.xml:282:9
	android:label
		ADDED from AndroidManifest.xml:283:17
	android:name
		ADDED from AndroidManifest.xml:282:19
activity#com.ringdroid.RingdroidEditActivity
ADDED from AndroidManifest.xml:286:9
MERGED from ABRepeatPlayer:ringDroid:unspecified:58:9
	android:windowSoftInputMode
		ADDED from AndroidManifest.xml:288:19
	android:configChanges
		ADDED from AndroidManifest.xml:287:19
	android:name
		ADDED from AndroidManifest.xml:286:19
intent-filter#android.intent.action.EDIT
ADDED from AndroidManifest.xml:289:13
	android:label
		ADDED from AndroidManifest.xml:289:28
activity#com.kojimahome.music21.MovieView
ADDED from AndroidManifest.xml:295:9
	android:screenOrientation
		ADDED from AndroidManifest.xml:297:17
	android:label
		ADDED from AndroidManifest.xml:296:17
	android:configChanges
		ADDED from AndroidManifest.xml:299:17
	android:theme
		ADDED from AndroidManifest.xml:300:17
	android:taskAffinity
		ADDED from AndroidManifest.xml:298:17
	android:name
		ADDED from AndroidManifest.xml:295:19
activity#com.kojimahome.music21.CreatePlaylist
ADDED from AndroidManifest.xml:325:9
	android:theme
		ADDED from AndroidManifest.xml:326:13
	android:name
		ADDED from AndroidManifest.xml:325:19
activity#com.kojimahome.music21.RenamePlaylist
ADDED from AndroidManifest.xml:327:9
	android:theme
		ADDED from AndroidManifest.xml:328:13
	android:name
		ADDED from AndroidManifest.xml:327:19
activity#com.kojimahome.music21.RenameABPos
ADDED from AndroidManifest.xml:329:9
	android:theme
		ADDED from AndroidManifest.xml:330:13
	android:name
		ADDED from AndroidManifest.xml:329:19
activity#com.kojimahome.music21.WeekSelector
ADDED from AndroidManifest.xml:331:9
	android:theme
		ADDED from AndroidManifest.xml:332:13
	android:name
		ADDED from AndroidManifest.xml:331:19
activity#com.kojimahome.music21.DeleteItems
ADDED from AndroidManifest.xml:333:9
	android:theme
		ADDED from AndroidManifest.xml:334:13
	android:name
		ADDED from AndroidManifest.xml:333:19
activity#com.kojimahome.music21.DeleteVideoItems
ADDED from AndroidManifest.xml:335:9
	android:theme
		ADDED from AndroidManifest.xml:336:13
	android:name
		ADDED from AndroidManifest.xml:335:19
activity#com.kojimahome.music21.ScanningProgress
ADDED from AndroidManifest.xml:337:9
	android:theme
		ADDED from AndroidManifest.xml:338:13
	android:name
		ADDED from AndroidManifest.xml:337:19
activity#com.kojimahome.music21.NoSearchActivity
ADDED from AndroidManifest.xml:339:9
	android:theme
		ADDED from AndroidManifest.xml:340:13
	android:name
		ADDED from AndroidManifest.xml:339:19
service#com.kojimahome.music21.MediaPlaybackService
ADDED from AndroidManifest.xml:341:9
	android:exported
		ADDED from AndroidManifest.xml:342:13
	android:name
		ADDED from AndroidManifest.xml:341:18
service#com.kojimahome.music21.MultiWindow
ADDED from AndroidManifest.xml:344:9
	android:name
		ADDED from AndroidManifest.xml:344:18
service#com.kojimahome.music21.WidgetsWindow
ADDED from AndroidManifest.xml:346:9
	android:name
		ADDED from AndroidManifest.xml:346:18
receiver#com.kojimahome.music21.MediaAppWidgetProvider
ADDED from AndroidManifest.xml:349:9
	android:name
		ADDED from AndroidManifest.xml:349:19
intent-filter#android.appwidget.action.APPWIDGET_UPDATE
ADDED from AndroidManifest.xml:350:13
action#android.appwidget.action.APPWIDGET_UPDATE
ADDED from AndroidManifest.xml:351:17
	android:name
		ADDED from AndroidManifest.xml:351:25
meta-data#android.appwidget.provider
ADDED from AndroidManifest.xml:353:13
	android:resource
		ADDED from AndroidManifest.xml:353:66
	android:name
		ADDED from AndroidManifest.xml:353:24
supports-screens
ADDED from ABRepeatPlayer:ringDroid:unspecified:34:5
	android:anyDensity
		ADDED from ABRepeatPlayer:ringDroid:unspecified:34:23
activity#com.ringdroid.RingdroidSelectActivity
ADDED from ABRepeatPlayer:ringDroid:unspecified:39:9
	android:label
		ADDED from ABRepeatPlayer:ringDroid:unspecified:41:13
	android:name
		ADDED from ABRepeatPlayer:ringDroid:unspecified:40:13
activity#com.ringdroid.ChooseContactActivity
ADDED from ABRepeatPlayer:ringDroid:unspecified:70:9
	android:configChanges
		ADDED from ABRepeatPlayer:ringDroid:unspecified:72:13
	android:name
		ADDED from ABRepeatPlayer:ringDroid:unspecified:71:13